<?xml version="1.0" encoding="UTF-8"?>
<TestRun id="968dd4ee-0c47-4da2-8315-dfb88e5e5b53" name="dpursanov@DS-DEV-020 2010-06-10 12:11:26" runUser="DELTA-COMM\dpursanov" xmlns="http://microsoft.com/schemas/VisualStudio/TeamTest/2010">
  <TestSettings name="Local" id="48f833ed-2c3c-4112-ab1e-767a14cd99ea">
    <Description>These are default test settings for a local test run.</Description>
    <Deployment enabled="false" runDeploymentRoot="dpursanov_DS-DEV-020 2010-06-10 12_11_26" />
    <Execution>
      <TestTypeSpecific />
      <AgentRule name="Execution Agents">
      </AgentRule>
    </Execution>
  </TestSettings>
  <Times creation="2010-06-10T12:11:26.3188286+04:00" queuing="2010-06-10T12:11:26.6848286+04:00" start="2010-06-10T12:11:26.9248286+04:00" finish="2010-06-10T12:11:27.2978286+04:00" />
  <ResultSummary outcome="Completed">
    <Counters total="1" executed="1" passed="1" error="0" failed="0" timeout="0" aborted="0" inconclusive="0" passedButRunAborted="0" notRunnable="0" notExecuted="0" disconnected="0" warning="0" completed="0" inProgress="0" pending="0" />
  </ResultSummary>
  <TestDefinitions>
    <UnitTest name="GetFilesMD5HashTest" storage="d:\my documents\my dropbox\projects\watermarker\watermarkertest\bin\release\watermarkertest.dll" id="6f136444-f584-19c9-5bf4-baceafca8fad">
      <Execution timeOut="1800000" id="0873343a-95e7-4703-ad3f-1eee0d03f20f" />
      <TestMethod codeBase="D:/My Documents/My Dropbox/Projects/Watermarker/WatermarkerTest/bin/Release/WatermarkerTest.DLL" adapterTypeName="Microsoft.VisualStudio.TestTools.TestTypes.Unit.UnitTestAdapter, Microsoft.VisualStudio.QualityTools.Tips.UnitTest.Adapter, Version=10.0.0.0, Culture=neutral, PublicKeyToken=b03f5f7f11d50a3a" className="WatermarkerTest.UtilitiesTest, WatermarkerTest, Version=1.0.0.0, Culture=neutral, PublicKeyToken=null" name="GetFilesMD5HashTest" />
    </UnitTest>
  </TestDefinitions>
  <TestLists>
    <TestList name="Results Not in a List" id="8c84fa94-04c1-424b-9868-57a2d4851a1d" />
    <TestList name="All Loaded Results" id="19431567-8539-422a-85d7-44ee4e166bda" />
  </TestLists>
  <TestEntries>
    <TestEntry testId="6f136444-f584-19c9-5bf4-baceafca8fad" executionId="0873343a-95e7-4703-ad3f-1eee0d03f20f" testListId="8c84fa94-04c1-424b-9868-57a2d4851a1d" />
  </TestEntries>
  <Results>
    <UnitTestResult executionId="0873343a-95e7-4703-ad3f-1eee0d03f20f" testId="6f136444-f584-19c9-5bf4-baceafca8fad" testName="GetFilesMD5HashTest" computerName="DS-DEV-020" duration="00:00:00.0465703" startTime="2010-06-10T12:11:27.1068286+04:00" endTime="2010-06-10T12:11:27.2158286+04:00" testType="13cdc9d9-ddb5-4fa4-a97d-d965ccfc6d4b" outcome="Passed" testListId="8c84fa94-04c1-424b-9868-57a2d4851a1d" relativeResultsDirectory="0873343a-95e7-4703-ad3f-1eee0d03f20f">
    </UnitTestResult>
  </Results>
</TestRun>