<?xml version="1.0" encoding="UTF-8"?>
<TestRun id="156009d5-7a93-43f8-814e-8f2f2c28928c" name="dpursanov@DS-DEV-020 2010-06-10 12:10:30" runUser="DELTA-COMM\dpursanov" xmlns="http://microsoft.com/schemas/VisualStudio/TeamTest/2010">
  <TestSettings name="Local" id="48f833ed-2c3c-4112-ab1e-767a14cd99ea">
    <Description>These are default test settings for a local test run.</Description>
    <Deployment enabled="false" runDeploymentRoot="dpursanov_DS-DEV-020 2010-06-10 12_10_30" />
    <Execution>
      <TestTypeSpecific />
      <AgentRule name="Execution Agents">
      </AgentRule>
    </Execution>
  </TestSettings>
  <Times creation="2010-06-10T12:10:30.1448286+04:00" queuing="2010-06-10T12:10:30.8028286+04:00" start="2010-06-10T12:10:31.3218286+04:00" finish="2010-06-10T12:10:32.6788286+04:00" />
  <ResultSummary outcome="Failed">
    <Counters total="1" executed="1" error="0" failed="1" timeout="0" aborted="0" inconclusive="0" passedButRunAborted="0" notRunnable="0" notExecuted="0" disconnected="0" warning="0" passed="0" completed="0" inProgress="0" pending="0" />
  </ResultSummary>
  <TestDefinitions>
    <UnitTest name="GetFilesMD5HashTest" storage="d:\my documents\my dropbox\projects\watermarker\watermarkertest\bin\release\watermarkertest.dll" id="6f136444-f584-19c9-5bf4-baceafca8fad">
      <Execution timeOut="1800000" id="93c3b9ad-f946-44c1-a9f8-1c7d8f637a3b" />
      <TestMethod codeBase="D:/My Documents/My Dropbox/Projects/Watermarker/WatermarkerTest/bin/Release/WatermarkerTest.DLL" adapterTypeName="Microsoft.VisualStudio.TestTools.TestTypes.Unit.UnitTestAdapter, Microsoft.VisualStudio.QualityTools.Tips.UnitTest.Adapter, Version=10.0.0.0, Culture=neutral, PublicKeyToken=b03f5f7f11d50a3a" className="WatermarkerTest.UtilitiesTest, WatermarkerTest, Version=1.0.0.0, Culture=neutral, PublicKeyToken=null" name="GetFilesMD5HashTest" />
    </UnitTest>
  </TestDefinitions>
  <TestLists>
    <TestList name="Results Not in a List" id="8c84fa94-04c1-424b-9868-57a2d4851a1d" />
    <TestList name="All Loaded Results" id="19431567-8539-422a-85d7-44ee4e166bda" />
  </TestLists>
  <TestEntries>
    <TestEntry testId="6f136444-f584-19c9-5bf4-baceafca8fad" executionId="93c3b9ad-f946-44c1-a9f8-1c7d8f637a3b" testListId="8c84fa94-04c1-424b-9868-57a2d4851a1d" />
  </TestEntries>
  <Results>
    <UnitTestResult executionId="93c3b9ad-f946-44c1-a9f8-1c7d8f637a3b" testId="6f136444-f584-19c9-5bf4-baceafca8fad" testName="GetFilesMD5HashTest" computerName="DS-DEV-020" duration="00:00:00.1421741" startTime="2010-06-10T12:10:32.3318286+04:00" endTime="2010-06-10T12:10:32.5368286+04:00" testType="13cdc9d9-ddb5-4fa4-a97d-d965ccfc6d4b" outcome="Failed" testListId="8c84fa94-04c1-424b-9868-57a2d4851a1d" relativeResultsDirectory="93c3b9ad-f946-44c1-a9f8-1c7d8f637a3b">
      <Output>
        <ErrorInfo>
          <Message>Assert.AreEqual failed. Expected:&lt;1a94f2a036c177ad7589c3114027c1a0&gt;. Actual:&lt;1A94F2A036C177AD7589C3114027C1A0&gt;. </Message>
          <StackTrace>   at WatermarkerTest.UtilitiesTest.GetFilesMD5HashTest() in D:\My Documents\My Dropbox\Projects\Watermarker\WatermarkerTest\UtilitiesTest.cs:line 79
</StackTrace>
        </ErrorInfo>
      </Output>
    </UnitTestResult>
  </Results>
</TestRun>